21:31:06 [main] INFO  testCases.TC001_RegisterTest - Clicked Register button
21:31:06 [main] INFO  testCases.TC001_RegisterTest - Providing customer details....
21:31:08 [main] INFO  testCases.TC001_RegisterTest - Validating expected message...
21:31:08 [main] INFO  testCases.TC001_RegisterTest - ***** Finished TC001_RegisterTest *****
21:31:12 [main] INFO  testCases.TC002_LoginTest - ***** Starting TC002_LoginTest *****
21:34:45 [main] INFO  testCases.TC001_RegisterTest - ***** Starting TC001_RegisterTest *****
21:34:45 [main] INFO  testCases.TC001_RegisterTest - Clicked My Account button
21:34:47 [main] INFO  testCases.TC001_RegisterTest - Clicked Register button
21:34:47 [main] INFO  testCases.TC001_RegisterTest - Providing customer details....
21:34:49 [main] INFO  testCases.TC001_RegisterTest - Validating expected message...
21:34:49 [main] INFO  testCases.TC001_RegisterTest - ***** Finished TC001_RegisterTest *****
21:34:55 [main] INFO  testCases.TC002_LoginTest - ***** Starting TC002_LoginTest *****
21:35:57 [main] INFO  testCases.TC002_LoginTest - ***** Starting TC002_LoginTest *****
21:35:59 [main] INFO  testCases.TC002_LoginTest - ***** Finished TC002_LoginTest *****
21:47:33 [main] INFO  testCases.TC001_RegisterTest - ***** Starting TC001_RegisterTest *****
21:47:33 [main] INFO  testCases.TC001_RegisterTest - Clicked My Account button
21:47:34 [main] INFO  testCases.TC001_RegisterTest - Clicked Register button
21:47:34 [main] INFO  testCases.TC001_RegisterTest - Providing customer details....
21:47:36 [main] INFO  testCases.TC001_RegisterTest - Validating expected message...
21:47:36 [main] INFO  testCases.TC001_RegisterTest - ***** Finished TC001_RegisterTest *****
21:47:40 [main] INFO  testCases.TC002_LoginTest - ***** Starting TC002_LoginTest *****
21:57:53 [main] INFO  testCases.TC001_RegisterTest - ***** Starting TC001_RegisterTest *****
21:57:53 [main] INFO  testCases.TC001_RegisterTest - Clicked My Account button
21:57:54 [main] INFO  testCases.TC001_RegisterTest - Clicked Register button
21:57:54 [main] INFO  testCases.TC001_RegisterTest - Providing customer details....
21:57:56 [main] INFO  testCases.TC001_RegisterTest - Validating expected message...
21:57:56 [main] INFO  testCases.TC001_RegisterTest - ***** Finished TC001_RegisterTest *****
21:58:01 [main] INFO  testCases.TC002_LoginTest - ***** Starting TC002_LoginTest *****
21:58:03 [main] INFO  testCases.TC002_LoginTest - ***** Finished TC002_LoginTest *****
21:58:24 [main] INFO  testCases.TC001_RegisterTest - ***** Starting TC001_RegisterTest *****
21:58:24 [main] INFO  testCases.TC001_RegisterTest - Clicked My Account button
21:58:25 [main] INFO  testCases.TC001_RegisterTest - Clicked Register button
21:58:25 [main] INFO  testCases.TC001_RegisterTest - Providing customer details....
21:58:27 [main] INFO  testCases.TC001_RegisterTest - Validating expected message...
21:58:27 [main] INFO  testCases.TC001_RegisterTest - ***** Finished TC001_RegisterTest *****
21:58:31 [main] INFO  testCases.TC002_LoginTest - ***** Starting TC002_LoginTest *****
22:01:39 [main] INFO  testCases.TC001_RegisterTest - ***** Starting TC001_RegisterTest *****
22:01:39 [main] INFO  testCases.TC001_RegisterTest - Clicked My Account button
22:01:41 [main] INFO  testCases.TC001_RegisterTest - Clicked Register button
22:01:41 [main] INFO  testCases.TC001_RegisterTest - Providing customer details....
22:01:43 [main] INFO  testCases.TC001_RegisterTest - Validating expected message...
22:01:43 [main] INFO  testCases.TC001_RegisterTest - ***** Finished TC001_RegisterTest *****
22:01:47 [main] INFO  testCases.TC002_LoginTest - ***** Starting TC002_LoginTest *****
23:21:49 [main] INFO  testCases.TC001_RegisterTest - ***** Starting TC001_RegisterTest *****
23:21:49 [main] INFO  testCases.TC001_RegisterTest - Clicked My Account button
23:21:50 [main] INFO  testCases.TC001_RegisterTest - Clicked Register button
23:21:50 [main] INFO  testCases.TC001_RegisterTest - Providing customer details....
23:21:52 [main] INFO  testCases.TC001_RegisterTest - Validating expected message...
23:21:52 [main] INFO  testCases.TC001_RegisterTest - ***** Finished TC001_RegisterTest *****
23:21:57 [main] INFO  testCases.TC002_LoginTest - ***** Starting TC002_LoginTest *****
23:23:10 [main] INFO  testCases.TC001_RegisterTest - ***** Starting TC001_RegisterTest *****
23:23:10 [main] INFO  testCases.TC001_RegisterTest - Clicked My Account button
23:23:11 [main] INFO  testCases.TC001_RegisterTest - Clicked Register button
23:23:11 [main] INFO  testCases.TC001_RegisterTest - Providing customer details....
23:23:12 [main] INFO  testCases.TC001_RegisterTest - Validating expected message...
23:23:13 [main] INFO  testCases.TC001_RegisterTest - ***** Finished TC001_RegisterTest *****
23:23:17 [main] INFO  testCases.TC002_LoginTest - ***** Starting TC002_LoginTest *****
23:25:53 [TestNG-tests-3] INFO  testCases.TC001_RegisterTest - ***** Starting TC001_RegisterTest *****
23:25:53 [TestNG-tests-1] INFO  testCases.TC001_RegisterTest - ***** Starting TC001_RegisterTest *****
